<?xml version="1.0" encoding="UTF-8"?>
<!-- Generated by org.testng.reporters.JUnitXMLReporter -->
<testsuite ignored="4" hostname="LAPTOP-5RT7MAM2" failures="0" tests="1" name="Default test(failed)" time="36.978" errors="0" timestamp="2023-01-05T23:12:46 IST">
  <testcase classname="Testcases.FailedTest" name="Test5" time="0.167"/>
  <testcase classname="Testcases.FailedTest" name="Test1" time="0.0">
    <ignored/>
  </testcase> <!-- Test1 -->
  <testcase classname="Testcases.FailedTest" name="Test2" time="0.0">
    <ignored/>
  </testcase> <!-- Test2 -->
  <testcase classname="Testcases.FailedTest" name="Test4" time="0.0">
    <ignored/>
  </testcase> <!-- Test4 -->
  <testcase classname="Testcases.FailedTest" name="Test3" time="0.0">
    <ignored/>
  </testcase> <!-- Test3 -->
</testsuite> <!-- Default test(failed) -->
