<?xml version="1.0" encoding="UTF-8"?>
<!-- Generated by org.testng.reporters.JUnitXMLReporter -->
<testsuite ignored="6" hostname="LAPTOP-5RT7MAM2" failures="0" tests="1" name="Default test" time="113.829" errors="0" timestamp="2023-01-14T15:08:30 IST">
  <testcase classname="Testcases.LoginPageTest" name="scrollPageTest" time="23.61"/>
  <testcase classname="Testcases.LoginPageTest" name="verifyBotLogoTest" time="0.0">
    <ignored/>
  </testcase> <!-- verifyBotLogoTest -->
  <testcase classname="Testcases.LoginPageTest" name="verifylogLogoTest" time="0.0">
    <ignored/>
  </testcase> <!-- verifylogLogoTest -->
  <testcase classname="Testcases.LoginPageTest" name="userloginTest" time="0.0">
    <ignored/>
  </testcase> <!-- userloginTest -->
  <testcase classname="Testcases.LoginPageTest" name="verifyProductLable" time="0.0">
    <ignored/>
  </testcase> <!-- verifyProductLable -->
  <testcase classname="Testcases.LoginPageTest" name="verifyUrlTest" time="0.0">
    <ignored/>
  </testcase> <!-- verifyUrlTest -->
  <testcase classname="Testcases.LoginPageTest" name="verifyTitleTest" time="0.0">
    <ignored/>
  </testcase> <!-- verifyTitleTest -->
</testsuite> <!-- Default test -->
