<?xml version="1.0" encoding="UTF-8"?>
<!-- Generated by org.testng.reporters.JUnitXMLReporter -->
<testsuite ignored="4" hostname="LAPTOP-5RT7MAM2" failures="0" tests="1" name="Test(failed)(failed)" time="20.559" errors="0" timestamp="2023-01-07T13:04:42 IST">
  <testcase classname="Testcases.FailedTest" name="Test4" time="0.111"/>
  <testcase classname="Testcases.FailedTest" name="Test1" time="0.0">
    <ignored/>
  </testcase> <!-- Test1 -->
  <testcase classname="Testcases.FailedTest" name="Test5" time="0.0">
    <ignored/>
  </testcase> <!-- Test5 -->
  <testcase classname="Testcases.FailedTest" name="Test2" time="0.0">
    <ignored/>
  </testcase> <!-- Test2 -->
  <testcase classname="Testcases.FailedTest" name="Test3" time="0.0">
    <ignored/>
  </testcase> <!-- Test3 -->
</testsuite> <!-- Test(failed)(failed) -->
