<?xml version="1.0" encoding="UTF-8"?>
<!-- Generated by org.testng.reporters.JUnitXMLReporter -->
<testsuite ignored="0" hostname="LAPTOP-5RT7MAM2" failures="0" tests="4" name="Test" time="135.934" errors="0" timestamp="2023-01-07T15:30:14 IST">
  <testcase classname="Testcases.ParallelTest" name="Test4" time="134.703"/>
  <testcase classname="Testcases.ParallelTest" name="Test1" time="134.698"/>
  <testcase classname="Testcases.ParallelTest" name="Test3" time="134.698"/>
  <testcase classname="Testcases.ParallelTest" name="Test2" time="135.825"/>
</testsuite> <!-- Test -->
