<?xml version="1.0" encoding="UTF-8"?>
<testng-results ignored="6" total="7" passed="1" failed="0" skipped="0">
  <reporter-output>
  </reporter-output>
  <suite started-at="2023-01-14T15:06:35 IST" name="Default suite" finished-at="2023-01-14T15:08:29 IST" duration-ms="113829">
    <groups>
    </groups>
    <test started-at="2023-01-14T15:06:35 IST" name="Default test" finished-at="2023-01-14T15:08:29 IST" duration-ms="113829">
      <class name="Testcases.LoginPageTest">
        <test-method is-config="true" signature="setup()[pri:0, instance:Testcases.LoginPageTest@1cbb87f3]" started-at="2023-01-14T15:06:35 IST" name="setup" finished-at="2023-01-14T15:07:19 IST" duration-ms="43435" status="PASS">
          <reporter-output>
          </reporter-output>
        </test-method> <!-- setup -->
        <test-method signature="scrollPageTest()[pri:0, instance:Testcases.LoginPageTest@1cbb87f3]" started-at="2023-01-14T15:07:19 IST" name="scrollPageTest" finished-at="2023-01-14T15:07:43 IST" duration-ms="23610" status="PASS">
          <reporter-output>
          </reporter-output>
        </test-method> <!-- scrollPageTest -->
        <test-method is-config="true" signature="browseClose()[pri:0, instance:Testcases.LoginPageTest@1cbb87f3]" started-at="2023-01-14T15:07:43 IST" name="browseClose" finished-at="2023-01-14T15:08:29 IST" duration-ms="46734" status="PASS">
          <reporter-output>
          </reporter-output>
        </test-method> <!-- browseClose -->
      </class> <!-- Testcases.LoginPageTest -->
    </test> <!-- Default test -->
  </suite> <!-- Default suite -->
</testng-results>
